{"date":"2020-10-25T00:54:40.234Z","method":"POST","url":"/boards","query":null,"body":{"title":"Autotest board","columns":[{"title":"Backlog","order":1},{"title":"Sprint","order":2}]}}
{"date":"2020-10-25T00:54:40.254Z","method":"POST","url":"/boards","query":null,"body":{"title":"Autotest board","columns":[{"title":"Backlog","order":1},{"title":"Sprint","order":2}]}}
{"date":"2020-10-25T00:54:40.254Z","method":"GET","url":"/users","query":null,"body":null}
{"date":"2020-10-25T00:54:40.349Z","method":"POST","url":"/boards/5f94ccd050fdc82fccfe9d2e/tasks","query":null,"body":{"title":"Autotest task","order":0,"description":"Lorem ipsum","userId":null,"boardId":null,"columnId":null}}
{"date":"2020-10-25T00:54:40.436Z","method":"GET","url":"/boards","query":null,"body":null}
{"date":"2020-10-25T00:54:40.505Z","method":"POST","url":"/users","query":null,"body":{"name":"TEST_USER","login":"test_user","password":"T35t_P@55w0rd"}}
{"date":"2020-10-25T00:54:40.571Z","method":"GET","url":"/boards/5f94ccd050fdc82fccfe9d2e/tasks","query":null,"body":null}
{"date":"2020-10-25T00:54:40.681Z","method":"GET","url":"/boards","query":null,"body":null}
{"date":"2020-10-25T00:54:40.758Z","method":"GET","url":"/boards/5f94ccd050fdc82fccfe9d2e/tasks","query":null,"body":null}
{"date":"2020-10-25T00:54:40.770Z","method":"GET","url":"/users/5f94ccd050fdc82fccfe9d35","query":null,"body":null}
{"date":"2020-10-25T00:54:40.772Z","method":"GET","url":"/boards/5f94c70959ec0c2b304c5a2b","query":null,"body":null}
{"date":"2020-10-25T00:54:40.848Z","method":"GET","url":"/boards/5f94ccd050fdc82fccfe9d2e/tasks/5f94ccd050fdc82fccfe9d34","query":null,"body":null}
{"date":"2020-10-25T00:54:40.851Z","method":"DELETE","url":"/users/5f94ccd050fdc82fccfe9d35","query":null,"body":null}
{"date":"2020-10-25T00:54:40.861Z","method":"POST","url":"/boards","query":null,"body":{"title":"Autotest board","columns":[{"title":"Backlog","order":1},{"title":"Sprint","order":2}]}}
{"date":"2020-10-25T00:54:40.949Z","method":"POST","url":"/boards/5f94ccd050fdc82fccfe9d2e/tasks","query":null,"body":{"title":"Autotest task","order":0,"description":"Lorem ipsum","userId":null,"boardId":null,"columnId":null}}
{"date":"2020-10-25T00:54:40.950Z","method":"DELETE","url":"/boards/5f94ccd050fdc82fccfe9d36","query":null,"body":null}
{"date":"2020-10-25T00:54:41.004Z","method":"POST","url":"/users","query":null,"body":{"name":"TEST_USER","login":"test_user","password":"T35t_P@55w0rd"}}
{"date":"2020-10-25T00:54:41.032Z","method":"DELETE","url":"/boards/5f94ccd050fdc82fccfe9d2e/tasks/5f94ccd050fdc82fccfe9d39","query":null,"body":null}
{"date":"2020-10-25T00:54:41.079Z","method":"DELETE","url":"/users/5f94ccd150fdc82fccfe9d3a","query":null,"body":null}
{"date":"2020-10-25T00:54:41.112Z","method":"POST","url":"/boards/5f94ccd050fdc82fccfe9d2e/tasks","query":null,"body":{"title":"Autotest task","order":0,"description":"Lorem ipsum","userId":null,"boardId":null,"columnId":null}}
{"date":"2020-10-25T00:54:41.114Z","method":"POST","url":"/boards","query":null,"body":{"title":"Autotest board","columns":[{"title":"Backlog","order":1},{"title":"Sprint","order":2}]}}
{"date":"2020-10-25T00:54:41.211Z","method":"PUT","url":"/boards/5f94ccd050fdc82fccfe9d2e/tasks/5f94ccd150fdc82fccfe9d3b","query":null,"body":{"id":"5f94ccd150fdc82fccfe9d3b","title":"Autotest updated task","order":0,"description":"Lorem ipsum","userId":null,"boardId":"5f94ccd050fdc82fccfe9d2e","columnId":null}}
{"date":"2020-10-25T00:54:41.215Z","method":"PUT","url":"/boards/5f94ccd150fdc82fccfe9d3c","query":null,"body":{"id":"5f94ccd150fdc82fccfe9d3c","title":"Autotest updated board","columns":[{"title":"Backlog","order":1,"_id":"5f94ccd150fdc82fccfe9d3d"},{"title":"Sprint","order":2,"_id":"5f94ccd150fdc82fccfe9d3e"}]}}
{"date":"2020-10-25T00:54:41.248Z","method":"POST","url":"/users","query":null,"body":{"name":"TEST_USER","login":"test_user","password":"T35t_P@55w0rd"}}
{"date":"2020-10-25T00:54:41.340Z","method":"PUT","url":"/users/5f94ccd150fdc82fccfe9d41","query":null,"body":{"name":"Autotest updated TEST_USER","login":"test_user","password":"T35t_P@55w0rd","id":"5f94ccd150fdc82fccfe9d41"}}
{"date":"2020-10-25T00:54:41.366Z","method":"GET","url":"/boards/5f94ccd050fdc82fccfe9d2e/tasks/5f94ccd150fdc82fccfe9d3b","query":null,"body":null}
{"date":"2020-10-25T00:54:41.395Z","method":"GET","url":"/boards/5f94ccd150fdc82fccfe9d3c","query":null,"body":null}
{"date":"2020-10-25T00:54:41.456Z","method":"GET","url":"/boards/5f94ccd050fdc82fccfe9d2e/tasks/5f94ccd050fdc82fccfe9d34","query":null,"body":null}
{"date":"2020-10-25T00:54:41.474Z","method":"DELETE","url":"/boards/5f94ccd150fdc82fccfe9d3c","query":null,"body":null}
{"date":"2020-10-25T00:54:41.501Z","method":"GET","url":"/users/5f94ccd150fdc82fccfe9d41","query":null,"body":null}
{"date":"2020-10-25T00:54:41.538Z","method":"DELETE","url":"/boards/5f94ccd050fdc82fccfe9d2e/tasks/5f94ccd050fdc82fccfe9d34","query":null,"body":null}
{"date":"2020-10-25T00:54:41.592Z","method":"DELETE","url":"/users/5f94ccd150fdc82fccfe9d41","query":null,"body":null}
{"date":"2020-10-25T00:54:41.626Z","method":"GET","url":"/boards/5f94ccd050fdc82fccfe9d2e/tasks/5f94ccd050fdc82fccfe9d34","query":null,"body":null}
{"date":"2020-10-25T00:54:41.630Z","method":"POST","url":"/boards","query":null,"body":{"title":"Autotest board","columns":[{"title":"Backlog","order":1},{"title":"Sprint","order":2}]}}
{"date":"2020-10-25T00:54:41.716Z","method":"DELETE","url":"/boards/5f94ccd050fdc82fccfe9d2e","query":null,"body":null}
{"date":"2020-10-25T00:54:41.732Z","method":"DELETE","url":"/boards/5f94ccd150fdc82fccfe9d42","query":null,"body":null}
{"date":"2020-10-25T00:54:41.743Z","method":"POST","url":"/users","query":null,"body":{"name":"TEST_USER","login":"test_user","password":"T35t_P@55w0rd"}}
{"date":"2020-10-25T00:54:41.827Z","method":"DELETE","url":"/users/5f94ccd150fdc82fccfe9d45","query":null,"body":null}
{"date":"2020-10-25T00:54:41.894Z","method":"GET","url":"/boards/5f94ccd150fdc82fccfe9d42","query":null,"body":null}
{"date":"2020-10-25T00:54:41.971Z","method":"POST","url":"/boards","query":null,"body":{"title":"Autotest board","columns":[{"title":"Backlog","order":1},{"title":"Sprint","order":2}]}}
{"date":"2020-10-25T00:54:41.998Z","method":"POST","url":"/users","query":null,"body":{"name":"TEST_USER","login":"test_user","password":"T35t_P@55w0rd"}}
{"date":"2020-10-25T00:54:42.052Z","method":"POST","url":"/boards/5f94ccd150fdc82fccfe9d46/tasks","query":null,"body":{"title":"Task #4","order":4,"description":"Lorem ipsum","boardId":"5f94ccd150fdc82fccfe9d46","userId":null,"columnId":null}}
{"date":"2020-10-25T00:54:42.053Z","method":"POST","url":"/boards/5f94ccd150fdc82fccfe9d46/tasks","query":null,"body":{"title":"Task #3","order":3,"description":"Lorem ipsum","boardId":"5f94ccd150fdc82fccfe9d46","userId":null,"columnId":null}}
{"date":"2020-10-25T00:54:42.052Z","method":"POST","url":"/boards/5f94ccd150fdc82fccfe9d46/tasks","query":null,"body":{"title":"Task #1","order":1,"description":"Lorem ipsum","boardId":"5f94ccd150fdc82fccfe9d46","userId":null,"columnId":null}}
{"date":"2020-10-25T00:54:42.053Z","method":"POST","url":"/boards/5f94ccd150fdc82fccfe9d46/tasks","query":null,"body":{"title":"Task #2","order":2,"description":"Lorem ipsum","boardId":"5f94ccd150fdc82fccfe9d46","userId":null,"columnId":null}}
{"date":"2020-10-25T00:54:42.054Z","method":"POST","url":"/boards/5f94ccd150fdc82fccfe9d46/tasks","query":null,"body":{"title":"Task #5","order":5,"description":"Lorem ipsum","boardId":"5f94ccd150fdc82fccfe9d46","userId":null,"columnId":null}}
{"date":"2020-10-25T00:54:42.077Z","method":"POST","url":"/boards","query":null,"body":{"title":"Autotest board","columns":[{"title":"Backlog","order":1},{"title":"Sprint","order":2}]}}
{"date":"2020-10-25T00:54:42.149Z","method":"GET","url":"/boards/5f94ccd150fdc82fccfe9d46/tasks/5f94ccd250fdc82fccfe9d4c","query":null,"body":null}
{"date":"2020-10-25T00:54:42.149Z","method":"GET","url":"/boards/5f94ccd150fdc82fccfe9d46/tasks/5f94ccd250fdc82fccfe9d4d","query":null,"body":null}
{"date":"2020-10-25T00:54:42.150Z","method":"GET","url":"/boards/5f94ccd150fdc82fccfe9d46/tasks/5f94ccd250fdc82fccfe9d4b","query":null,"body":null}
{"date":"2020-10-25T00:54:42.151Z","method":"GET","url":"/boards/5f94ccd150fdc82fccfe9d46/tasks/5f94ccd250fdc82fccfe9d4a","query":null,"body":null}
{"date":"2020-10-25T00:54:42.151Z","method":"GET","url":"/boards/5f94ccd150fdc82fccfe9d46/tasks/5f94ccd250fdc82fccfe9d4e","query":null,"body":null}
{"date":"2020-10-25T00:54:42.168Z","method":"POST","url":"/boards/5f94ccd250fdc82fccfe9d4f/tasks","query":null,"body":{"title":"Task #1","order":1,"description":"Lorem ipsum","userId":"5f94ccd150fdc82fccfe9d49","boardId":"5f94ccd250fdc82fccfe9d4f"}}
{"date":"2020-10-25T00:54:42.169Z","method":"POST","url":"/boards/5f94ccd250fdc82fccfe9d4f/tasks","query":null,"body":{"title":"Task #2","order":2,"description":"Lorem ipsum","userId":"5f94ccd150fdc82fccfe9d49","boardId":"5f94ccd250fdc82fccfe9d4f"}}
{"date":"2020-10-25T00:54:42.239Z","method":"DELETE","url":"/boards/5f94ccd150fdc82fccfe9d46","query":null,"body":null}
{"date":"2020-10-25T00:54:42.256Z","method":"DELETE","url":"/users/5f94ccd150fdc82fccfe9d49","query":null,"body":null}
{"date":"2020-10-25T00:54:42.387Z","method":"GET","url":"/boards/5f94ccd150fdc82fccfe9d46/tasks/5f94ccd250fdc82fccfe9d4c","query":null,"body":null}
{"date":"2020-10-25T00:54:42.388Z","method":"GET","url":"/boards/5f94ccd150fdc82fccfe9d46/tasks/5f94ccd250fdc82fccfe9d4d","query":null,"body":null}
{"date":"2020-10-25T00:54:42.389Z","method":"GET","url":"/boards/5f94ccd150fdc82fccfe9d46/tasks/5f94ccd250fdc82fccfe9d4b","query":null,"body":null}
{"date":"2020-10-25T00:54:42.390Z","method":"GET","url":"/boards/5f94ccd150fdc82fccfe9d46/tasks/5f94ccd250fdc82fccfe9d4a","query":null,"body":null}
{"date":"2020-10-25T00:54:42.391Z","method":"GET","url":"/boards/5f94ccd150fdc82fccfe9d46/tasks/5f94ccd250fdc82fccfe9d4e","query":null,"body":null}
{"date":"2020-10-25T00:54:42.418Z","method":"GET","url":"/boards/5f94ccd250fdc82fccfe9d4f/tasks/5f94ccd250fdc82fccfe9d52","query":null,"body":null}
{"date":"2020-10-25T00:54:42.496Z","method":"DELETE","url":"/boards/5f94ccd050fdc82fccfe9d31","query":null,"body":null}
{"date":"2020-10-25T00:54:42.498Z","method":"GET","url":"/boards/5f94ccd250fdc82fccfe9d4f/tasks/5f94ccd250fdc82fccfe9d53","query":null,"body":null}
{"date":"2020-10-25T00:54:42.588Z","method":"DELETE","url":"/boards/5f94ccd250fdc82fccfe9d4f/tasks/5f94ccd250fdc82fccfe9d52","query":null,"body":null}
{"date":"2020-10-25T00:54:42.589Z","method":"DELETE","url":"/boards/5f94ccd250fdc82fccfe9d4f/tasks/5f94ccd250fdc82fccfe9d53","query":null,"body":null}
{"date":"2020-10-25T00:54:42.682Z","method":"DELETE","url":"/boards/5f94ccd250fdc82fccfe9d4f","query":null,"body":null}
{"date":"2020-10-25T00:55:22.770Z","method":"GET","url":"/favicon.ico","query":null,"body":null}
{"date":"2020-10-25T00:55:31.737Z","method":"GET","url":"/users","query":null,"body":null}
{"date":"2020-10-25T00:55:38.561Z","method":"POST","url":"/users","query":null,"body":{"name":"string","login":"string","password":"string"}}
{"date":"2020-10-25T00:55:41.503Z","method":"POST","url":"/users","query":null,"body":{"name":"string","login":"string","password":"string"}}
{"date":"2020-10-25T00:55:42.203Z","method":"POST","url":"/users","query":null,"body":{"name":"string","login":"string","password":"string"}}
{"date":"2020-10-25T00:55:42.767Z","method":"POST","url":"/users","query":null,"body":{"name":"string","login":"string","password":"string"}}
{"date":"2020-10-25T00:56:56.210Z","method":"GET","url":"/users","query":null,"body":null}
{"date":"2020-10-25T00:57:07.438Z","method":"DELETE","url":"/users/5f94cd0a50fdc82fccfe9d54","query":null,"body":null}
{"date":"2020-10-25T00:57:11.615Z","method":"DELETE","url":"/users/5f94cd0a50fdc82fccfe9d54","query":null,"body":null}
{"date":"2020-10-25T00:57:34.415Z","method":"DELETE","url":"/users/5f94cd0d50fdc82fccfe9d55","query":null,"body":null}
{"date":"2020-10-25T00:57:41.427Z","method":"DELETE","url":"/users/5f94cd0e50fdc82fccfe9d56","query":null,"body":null}
{"date":"2020-10-25T00:57:48.294Z","method":"DELETE","url":"/users/5f94cd0e50fdc82fccfe9d57","query":null,"body":null}
{"date":"2020-10-25T00:57:52.642Z","method":"GET","url":"/boards","query":null,"body":null}
{"date":"2020-10-25T00:58:05.320Z","method":"DELETE","url":"/boards/5f94c70959ec0c2b304c5a2b","query":null,"body":null}
{"date":"2020-10-25T00:58:06.890Z","method":"DELETE","url":"/boards/5f94c70959ec0c2b304c5a2b","query":null,"body":null}
{"date":"2020-10-25T00:58:22.339Z","method":"DELETE","url":"/boards/5f94c70959ec0c2b304c5a2e","query":null,"body":null}
{"date":"2020-10-25T00:58:47.137Z","method":"DELETE","url":"/boards/5f94c70a59ec0c2b304c5a31","query":null,"body":null}
{"date":"2020-10-25T00:59:02.154Z","method":"DELETE","url":"/boards/5f94c70a59ec0c2b304c5a34","query":null,"body":null}
{"date":"2020-10-25T00:59:13.076Z","method":"DELETE","url":"/boards/5f94c70a59ec0c2b304c5a37","query":null,"body":null}
{"date":"2020-10-25T00:59:23.137Z","method":"DELETE","url":"/boards/5f94c70a59ec0c2b304c5a3a","query":null,"body":null}
{"date":"2020-10-25T00:59:34.401Z","method":"DELETE","url":"/boards/5f94c7ec078c0a253c106ccd","query":null,"body":null}
{"date":"2020-10-25T00:59:42.155Z","method":"DELETE","url":"/boards/5f94c7ec078c0a253c106cd6","query":null,"body":null}
{"date":"2020-10-25T00:59:45.385Z","method":"GET","url":"/boards","query":null,"body":null}
{"date":"2020-10-25T00:59:53.154Z","method":"DELETE","url":"/boards/5f94c7ec078c0a253c106cd0","query":null,"body":null}
{"date":"2020-10-25T00:59:59.779Z","method":"DELETE","url":"/boards/5f94c7ec078c0a253c106cd3","query":null,"body":null}
{"date":"2020-10-25T01:00:08.177Z","method":"DELETE","url":"/boards/5f94c7ed078c0a253c106cd9","query":null,"body":null}
{"date":"2020-10-25T01:00:08.298Z","method":"DELETE","url":"/boards/5f94c7ed078c0a253c106cd9","query":null,"body":null}
{"date":"2020-10-25T01:00:15.085Z","method":"DELETE","url":"/boards/5f94c7ed078c0a253c106cdc","query":null,"body":null}
{"date":"2020-10-25T01:00:18.961Z","method":"GET","url":"/boards","query":null,"body":null}
{"date":"2020-10-25T01:00:35.273Z","method":"GET","url":"/users","query":null,"body":null}
{"date":"2020-10-25T01:00:35.300Z","method":"POST","url":"/boards","query":null,"body":{"title":"Autotest board","columns":[{"title":"Backlog","order":1},{"title":"Sprint","order":2}]}}
{"date":"2020-10-25T01:00:35.301Z","method":"POST","url":"/boards","query":null,"body":{"title":"Autotest board","columns":[{"title":"Backlog","order":1},{"title":"Sprint","order":2}]}}
{"date":"2020-10-25T01:00:35.358Z","method":"POST","url":"/users","query":null,"body":{"name":"TEST_USER","login":"test_user","password":"T35t_P@55w0rd"}}
{"date":"2020-10-25T01:00:35.393Z","method":"GET","url":"/boards","query":null,"body":null}
{"date":"2020-10-25T01:00:35.430Z","method":"POST","url":"/boards/5f94ce33aefcae2fe00f2e47/tasks","query":null,"body":{"title":"Autotest task","order":0,"description":"Lorem ipsum","userId":null,"boardId":null,"columnId":null}}
{"date":"2020-10-25T01:00:35.463Z","method":"GET","url":"/users/5f94ce33aefcae2fe00f2e4a","query":null,"body":null}
{"date":"2020-10-25T01:00:35.508Z","method":"GET","url":"/boards","query":null,"body":null}
{"date":"2020-10-25T01:00:35.539Z","method":"GET","url":"/boards/5f94ce33aefcae2fe00f2e47/tasks","query":null,"body":null}
{"date":"2020-10-25T01:00:35.580Z","method":"DELETE","url":"/users/5f94ce33aefcae2fe00f2e4a","query":null,"body":null}
{"date":"2020-10-25T01:00:35.616Z","method":"GET","url":"/boards/5f94ce33aefcae2fe00f2e44","query":null,"body":null}
{"date":"2020-10-25T01:00:35.658Z","method":"GET","url":"/boards/5f94ce33aefcae2fe00f2e47/tasks","query":null,"body":null}
{"date":"2020-10-25T01:00:35.735Z","method":"POST","url":"/boards","query":null,"body":{"title":"Autotest board","columns":[{"title":"Backlog","order":1},{"title":"Sprint","order":2}]}}
{"date":"2020-10-25T01:00:35.766Z","method":"GET","url":"/boards/5f94ce33aefcae2fe00f2e47/tasks/5f94ce33aefcae2fe00f2e4b","query":null,"body":null}
{"date":"2020-10-25T01:00:35.806Z","method":"POST","url":"/users","query":null,"body":{"name":"TEST_USER","login":"test_user","password":"T35t_P@55w0rd"}}
{"date":"2020-10-25T01:00:35.826Z","method":"DELETE","url":"/boards/5f94ce33aefcae2fe00f2e4c","query":null,"body":null}
{"date":"2020-10-25T01:00:35.843Z","method":"POST","url":"/boards/5f94ce33aefcae2fe00f2e47/tasks","query":null,"body":{"title":"Autotest task","order":0,"description":"Lorem ipsum","userId":null,"boardId":null,"columnId":null}}
{"date":"2020-10-25T01:00:35.891Z","method":"DELETE","url":"/users/5f94ce33aefcae2fe00f2e4f","query":null,"body":null}
{"date":"2020-10-25T01:00:35.920Z","method":"DELETE","url":"/boards/5f94ce33aefcae2fe00f2e47/tasks/5f94ce33aefcae2fe00f2e50","query":null,"body":null}
{"date":"2020-10-25T01:00:35.989Z","method":"POST","url":"/boards","query":null,"body":{"title":"Autotest board","columns":[{"title":"Backlog","order":1},{"title":"Sprint","order":2}]}}
{"date":"2020-10-25T01:00:36.004Z","method":"POST","url":"/boards/5f94ce33aefcae2fe00f2e47/tasks","query":null,"body":{"title":"Autotest task","order":0,"description":"Lorem ipsum","userId":null,"boardId":null,"columnId":null}}
{"date":"2020-10-25T01:00:36.042Z","method":"POST","url":"/users","query":null,"body":{"name":"TEST_USER","login":"test_user","password":"T35t_P@55w0rd"}}
{"date":"2020-10-25T01:00:36.081Z","method":"PUT","url":"/boards/5f94ce33aefcae2fe00f2e51","query":null,"body":{"id":"5f94ce33aefcae2fe00f2e51","title":"Autotest updated board","columns":[{"title":"Backlog","order":1,"_id":"5f94ce33aefcae2fe00f2e52"},{"title":"Sprint","order":2,"_id":"5f94ce33aefcae2fe00f2e53"}]}}
{"date":"2020-10-25T01:00:36.096Z","method":"PUT","url":"/boards/5f94ce33aefcae2fe00f2e47/tasks/5f94ce34aefcae2fe00f2e54","query":null,"body":{"id":"5f94ce34aefcae2fe00f2e54","title":"Autotest updated task","order":0,"description":"Lorem ipsum","userId":null,"boardId":"5f94ce33aefcae2fe00f2e47","columnId":null}}
{"date":"2020-10-25T01:00:36.124Z","method":"PUT","url":"/users/5f94ce34aefcae2fe00f2e55","query":null,"body":{"name":"Autotest updated TEST_USER","login":"test_user","password":"T35t_P@55w0rd","id":"5f94ce34aefcae2fe00f2e55"}}
{"date":"2020-10-25T01:00:36.235Z","method":"GET","url":"/boards/5f94ce33aefcae2fe00f2e51","query":null,"body":null}
{"date":"2020-10-25T01:00:36.247Z","method":"GET","url":"/boards/5f94ce33aefcae2fe00f2e47/tasks/5f94ce34aefcae2fe00f2e54","query":null,"body":null}
{"date":"2020-10-25T01:00:36.271Z","method":"GET","url":"/users/5f94ce34aefcae2fe00f2e55","query":null,"body":null}
{"date":"2020-10-25T01:00:36.304Z","method":"DELETE","url":"/boards/5f94ce33aefcae2fe00f2e51","query":null,"body":null}
{"date":"2020-10-25T01:00:36.331Z","method":"GET","url":"/boards/5f94ce33aefcae2fe00f2e47/tasks/5f94ce33aefcae2fe00f2e4b","query":null,"body":null}
{"date":"2020-10-25T01:00:36.351Z","method":"DELETE","url":"/users/5f94ce34aefcae2fe00f2e55","query":null,"body":null}
{"date":"2020-10-25T01:00:36.406Z","method":"DELETE","url":"/boards/5f94ce33aefcae2fe00f2e47/tasks/5f94ce33aefcae2fe00f2e4b","query":null,"body":null}
{"date":"2020-10-25T01:00:36.454Z","method":"POST","url":"/boards","query":null,"body":{"title":"Autotest board","columns":[{"title":"Backlog","order":1},{"title":"Sprint","order":2}]}}
{"date":"2020-10-25T01:00:36.492Z","method":"GET","url":"/boards/5f94ce33aefcae2fe00f2e47/tasks/5f94ce33aefcae2fe00f2e4b","query":null,"body":null}
{"date":"2020-10-25T01:00:36.503Z","method":"POST","url":"/users","query":null,"body":{"name":"TEST_USER","login":"test_user","password":"T35t_P@55w0rd"}}
{"date":"2020-10-25T01:00:36.541Z","method":"DELETE","url":"/boards/5f94ce34aefcae2fe00f2e58","query":null,"body":null}
{"date":"2020-10-25T01:00:36.557Z","method":"DELETE","url":"/boards/5f94ce33aefcae2fe00f2e47","query":null,"body":null}
{"date":"2020-10-25T01:00:36.585Z","method":"DELETE","url":"/users/5f94ce34aefcae2fe00f2e5b","query":null,"body":null}
{"date":"2020-10-25T01:00:36.704Z","method":"GET","url":"/boards/5f94ce34aefcae2fe00f2e58","query":null,"body":null}
{"date":"2020-10-25T01:00:36.738Z","method":"POST","url":"/users","query":null,"body":{"name":"TEST_USER","login":"test_user","password":"T35t_P@55w0rd"}}
{"date":"2020-10-25T01:00:36.793Z","method":"POST","url":"/boards","query":null,"body":{"title":"Autotest board","columns":[{"title":"Backlog","order":1},{"title":"Sprint","order":2}]}}
{"date":"2020-10-25T01:00:36.845Z","method":"POST","url":"/boards","query":null,"body":{"title":"Autotest board","columns":[{"title":"Backlog","order":1},{"title":"Sprint","order":2}]}}
{"date":"2020-10-25T01:00:36.879Z","method":"POST","url":"/boards/5f94ce34aefcae2fe00f2e5d/tasks","query":null,"body":{"title":"Task #3","order":3,"description":"Lorem ipsum","boardId":"5f94ce34aefcae2fe00f2e5d","userId":null,"columnId":null}}
{"date":"2020-10-25T01:00:36.881Z","method":"POST","url":"/boards/5f94ce34aefcae2fe00f2e5d/tasks","query":null,"body":{"title":"Task #1","order":1,"description":"Lorem ipsum","boardId":"5f94ce34aefcae2fe00f2e5d","userId":null,"columnId":null}}
{"date":"2020-10-25T01:00:36.882Z","method":"POST","url":"/boards/5f94ce34aefcae2fe00f2e5d/tasks","query":null,"body":{"title":"Task #2","order":2,"description":"Lorem ipsum","boardId":"5f94ce34aefcae2fe00f2e5d","userId":null,"columnId":null}}
{"date":"2020-10-25T01:00:36.883Z","method":"POST","url":"/boards/5f94ce34aefcae2fe00f2e5d/tasks","query":null,"body":{"title":"Task #4","order":4,"description":"Lorem ipsum","boardId":"5f94ce34aefcae2fe00f2e5d","userId":null,"columnId":null}}
{"date":"2020-10-25T01:00:36.884Z","method":"POST","url":"/boards/5f94ce34aefcae2fe00f2e5d/tasks","query":null,"body":{"title":"Task #5","order":5,"description":"Lorem ipsum","boardId":"5f94ce34aefcae2fe00f2e5d","userId":null,"columnId":null}}
{"date":"2020-10-25T01:00:36.935Z","method":"POST","url":"/boards/5f94ce34aefcae2fe00f2e60/tasks","query":null,"body":{"title":"Task #1","order":1,"description":"Lorem ipsum","userId":"5f94ce34aefcae2fe00f2e5c","boardId":"5f94ce34aefcae2fe00f2e60"}}
{"date":"2020-10-25T01:00:36.936Z","method":"POST","url":"/boards/5f94ce34aefcae2fe00f2e60/tasks","query":null,"body":{"title":"Task #2","order":2,"description":"Lorem ipsum","userId":"5f94ce34aefcae2fe00f2e5c","boardId":"5f94ce34aefcae2fe00f2e60"}}
{"date":"2020-10-25T01:00:37.045Z","method":"DELETE","url":"/users/5f94ce34aefcae2fe00f2e5c","query":null,"body":null}
{"date":"2020-10-25T01:00:37.049Z","method":"GET","url":"/boards/5f94ce34aefcae2fe00f2e5d/tasks/5f94ce34aefcae2fe00f2e64","query":null,"body":null}
{"date":"2020-10-25T01:00:37.052Z","method":"GET","url":"/boards/5f94ce34aefcae2fe00f2e5d/tasks/5f94ce34aefcae2fe00f2e65","query":null,"body":null}
{"date":"2020-10-25T01:00:37.052Z","method":"GET","url":"/boards/5f94ce34aefcae2fe00f2e5d/tasks/5f94ce34aefcae2fe00f2e63","query":null,"body":null}
{"date":"2020-10-25T01:00:37.053Z","method":"GET","url":"/boards/5f94ce34aefcae2fe00f2e5d/tasks/5f94ce34aefcae2fe00f2e66","query":null,"body":null}
{"date":"2020-10-25T01:00:37.053Z","method":"GET","url":"/boards/5f94ce34aefcae2fe00f2e5d/tasks/5f94ce34aefcae2fe00f2e67","query":null,"body":null}
{"date":"2020-10-25T01:00:37.139Z","method":"DELETE","url":"/boards/5f94ce34aefcae2fe00f2e5d","query":null,"body":null}
{"date":"2020-10-25T01:00:37.212Z","method":"GET","url":"/boards/5f94ce34aefcae2fe00f2e60/tasks/5f94ce34aefcae2fe00f2e68","query":null,"body":null}
{"date":"2020-10-25T01:00:37.297Z","method":"GET","url":"/boards/5f94ce34aefcae2fe00f2e5d/tasks/5f94ce34aefcae2fe00f2e64","query":null,"body":null}
{"date":"2020-10-25T01:00:37.301Z","method":"GET","url":"/boards/5f94ce34aefcae2fe00f2e5d/tasks/5f94ce34aefcae2fe00f2e65","query":null,"body":null}
{"date":"2020-10-25T01:00:37.302Z","method":"GET","url":"/boards/5f94ce34aefcae2fe00f2e5d/tasks/5f94ce34aefcae2fe00f2e63","query":null,"body":null}
{"date":"2020-10-25T01:00:37.304Z","method":"GET","url":"/boards/5f94ce34aefcae2fe00f2e5d/tasks/5f94ce34aefcae2fe00f2e66","query":null,"body":null}
{"date":"2020-10-25T01:00:37.305Z","method":"GET","url":"/boards/5f94ce34aefcae2fe00f2e5d/tasks/5f94ce34aefcae2fe00f2e67","query":null,"body":null}
{"date":"2020-10-25T01:00:37.307Z","method":"GET","url":"/boards/5f94ce34aefcae2fe00f2e60/tasks/5f94ce34aefcae2fe00f2e69","query":null,"body":null}
{"date":"2020-10-25T01:00:37.406Z","method":"DELETE","url":"/boards/5f94ce33aefcae2fe00f2e44","query":null,"body":null}
{"date":"2020-10-25T01:00:37.408Z","method":"DELETE","url":"/boards/5f94ce34aefcae2fe00f2e60/tasks/5f94ce34aefcae2fe00f2e68","query":null,"body":null}
{"date":"2020-10-25T01:00:37.409Z","method":"DELETE","url":"/boards/5f94ce34aefcae2fe00f2e60/tasks/5f94ce34aefcae2fe00f2e69","query":null,"body":null}
{"date":"2020-10-25T01:00:37.498Z","method":"DELETE","url":"/boards/5f94ce34aefcae2fe00f2e60","query":null,"body":null}
{"date":"2020-10-25T01:01:00.008Z","method":"POST","url":"/users","query":null,"body":{"name":"string","login":"string","password":"string"}}
{"date":"2020-10-25T01:01:03.042Z","method":"POST","url":"/users","query":null,"body":{"name":"string","login":"string","password":"string"}}
{"date":"2020-10-25T01:01:17.923Z","method":"GET","url":"/users","query":null,"body":null}
